Build started 17/04/2016 23:30:48.
     1>Project "G:\VS Projects\GL2015\GL2015\GL2015.vcxproj" on node 2 (Build target(s)).
     1>ClCompile:
         G:\Program Files (x86)\Microsoft Visual Studio 14.0\VC\bin\CL.exe /c /I.\include /ZI /nologo /W3 /WX- /Od /Oy- /D WIN32 /D _DEBUG /D _CONSOLE /D _UNICODE /D UNICODE /Gm /EHsc /RTC1 /MTd /GS /fp:precise /Zc:wchar_t /Zc:forScope /Zc:inline /Fo"Debug\\" /Fd"Debug\vc140.pdb" /Gd /TP /analyze- /errorReport:prompt display.cpp main.cpp mesh.cpp shader.cpp skybox.cpp texture.cpp
         texture.cpp
         skybox.cpp
     1>g:\vs projects\gl2015\gl2015\skybox.h(11): warning C4114: same type qualifier used more than once
     1>g:\vs projects\gl2015\gl2015\skybox.cpp(5): warning C4114: same type qualifier used more than once
         shader.cpp
         mesh.cpp
         main.cpp
     1>g:\vs projects\gl2015\gl2015\skybox.h(11): warning C4114: same type qualifier used more than once
     1>g:\vs projects\gl2015\gl2015\main.cpp(110): warning C4305: 'argument': truncation from 'double' to 'float'
         display.cpp
         Generating Code...
       Link:
         G:\Program Files (x86)\Microsoft Visual Studio 14.0\VC\bin\link.exe /ERRORREPORT:PROMPT /OUT:"G:\VS Projects\GL2015\Debug\40103628 - Hanoi.exe" /INCREMENTAL /NOLOGO /LIBPATH:.\lib\x86 glew32.lib glew32s.lib SDL2.lib SDL2main.lib SDL2test.lib OpenGL32.lib winmm.lib /MANIFEST /MANIFESTUAC:"level='asInvoker' uiAccess='false'" /manifest:embed /manifestinput:"G:\Program Files (x86)\Microsoft Visual Studio 14.0\VC\Include\Manifest\dpiaware.manifest" /Debug /PDB:"G:\VS Projects\GL2015\Debug\40103628 - Hanoi.pdb" /SUBSYSTEM:CONSOLE /TLBID:1 /DYNAMICBASE /NXCOMPAT /IMPLIB:"G:\VS Projects\GL2015\Debug\40103628 - Hanoi.lib" /MACHINE:X86 Debug\GL2015.res
         Debug\display.obj
         Debug\main.obj
         Debug\mesh.obj
         Debug\obj_loader.obj
         Debug\shader.obj
         Debug\skybox.obj
         Debug\stb_image.obj
         Debug\texture.obj
         GL2015.vcxproj -> G:\VS Projects\GL2015\Debug\40103628 - Hanoi.exe
     1>Done Building Project "G:\VS Projects\GL2015\GL2015\GL2015.vcxproj" (Build target(s)).

Build succeeded.

Time Elapsed 00:00:03.48
