Build started 17/04/2016 23:29:57.
     1>Project "G:\VS Projects\GL2015\GL2015\GL2015.vcxproj" on node 2 (Build target(s)).
     1>C:\Program Files (x86)\MSBuild\Microsoft.Cpp\v4.0\V140\Microsoft.CppBuild.targets(392,5): warning MSB8028: The intermediate directory (x64\Release\) contains files shared from another project (GL2015.vcxproj).  This can lead to incorrect clean and rebuild behavior.
     1>ClCompile:
         G:\Program Files (x86)\Microsoft Visual Studio 14.0\VC\bin\x86_amd64\CL.exe /c /I.\include /Zi /nologo /W3 /WX- /O2 /Oi /GL /D NDEBUG /D _CONSOLE /D _UNICODE /D UNICODE /Gm- /EHsc /MT /GS /Gy /fp:precise /Zc:wchar_t /Zc:forScope /Zc:inline /Fo"x64\Release\\" /Fd"x64\Release\vc140.pdb" /Gd /TP /errorReport:prompt main.cpp shader.cpp
         main.cpp
     1>g:\vs projects\gl2015\gl2015\skybox.h(11): warning C4114: same type qualifier used more than once
     1>main.cpp(110): warning C4305: 'argument': truncation from 'double' to 'float'
         shader.cpp
     1>shader.cpp(68): warning C4267: '=': conversion from 'size_t' to 'GLint', possible loss of data
       Link:
         G:\Program Files (x86)\Microsoft Visual Studio 14.0\VC\bin\x86_amd64\link.exe /ERRORREPORT:PROMPT /OUT:"G:\VS Projects\GL2015\x64\Release\40103628 - Hanoi.exe" /INCREMENTAL:NO /NOLOGO /LIBPATH:.\lib\x64 glew32.lib glew32s.lib SDL2.lib SDL2main.lib SDL2test.lib OpenGL32.lib winmm.lib /MANIFEST /MANIFESTUAC:"level='asInvoker' uiAccess='false'" /manifest:embed /manifestinput:"G:\Program Files (x86)\Microsoft Visual Studio 14.0\VC\Include\Manifest\dpiaware.manifest" /Debug /PDB:"G:\VS Projects\GL2015\x64\Release\40103628 - Hanoi.pdb" /SUBSYSTEM:CONSOLE /OPT:REF /OPT:ICF /LTCG:incremental /TLBID:1 /DYNAMICBASE /NXCOMPAT /IMPLIB:"G:\VS Projects\GL2015\x64\Release\40103628 - Hanoi.lib" /MACHINE:X64 x64\Release\GL2015.res
         x64\Release\display.obj
         x64\Release\main.obj
         x64\Release\mesh.obj
         x64\Release\obj_loader.obj
         x64\Release\shader.obj
         x64\Release\skybox.obj
         x64\Release\stb_image.obj
         x64\Release\texture.obj
         Generating code
         2 of 1649 functions ( 0.1%) were compiled, the rest were copied from previous compilation.
           0 functions were new in current compilation
           1 functions had inline decision re-evaluated but remain unchanged
         Finished generating code
         GL2015.vcxproj -> G:\VS Projects\GL2015\x64\Release\40103628 - Hanoi.exe
     1>Done Building Project "G:\VS Projects\GL2015\GL2015\GL2015.vcxproj" (Build target(s)).

Build succeeded.

Time Elapsed 00:00:02.58
