Build started 17/04/2016 23:31:03.
     1>Project "G:\VS Projects\GL2015\GL2015\GL2015.vcxproj" on node 2 (Build target(s)).
     1>ClCompile:
         G:\Program Files (x86)\Microsoft Visual Studio 14.0\VC\bin\CL.exe /c /I.\include /Zi /nologo /W3 /WX- /O2 /Oi /Oy- /GL /D WIN32 /D NDEBUG /D _CONSOLE /D _UNICODE /D UNICODE /Gm- /EHsc /MT /GS /Gy /fp:precise /Zc:wchar_t /Zc:forScope /Zc:inline /Fo"Release\\" /Fd"Release\vc140.pdb" /Gd /TP /analyze- /errorReport:prompt display.cpp main.cpp mesh.cpp shader.cpp skybox.cpp texture.cpp
         display.cpp
         main.cpp
     1>g:\vs projects\gl2015\gl2015\skybox.h(11): warning C4114: same type qualifier used more than once
     1>main.cpp(110): warning C4305: 'argument': truncation from 'double' to 'float'
         mesh.cpp
         shader.cpp
         skybox.cpp
     1>g:\vs projects\gl2015\gl2015\skybox.h(11): warning C4114: same type qualifier used more than once
     1>skybox.cpp(5): warning C4114: same type qualifier used more than once
         texture.cpp
       Link:
         G:\Program Files (x86)\Microsoft Visual Studio 14.0\VC\bin\link.exe /ERRORREPORT:PROMPT /OUT:"G:\VS Projects\GL2015\Release\40103628 - Hanoi.exe" /INCREMENTAL:NO /NOLOGO /LIBPATH:.\lib\x86 glew32.lib glew32s.lib SDL2.lib SDL2main.lib SDL2test.lib OpenGL32.lib winmm.lib /MANIFEST /MANIFESTUAC:"level='asInvoker' uiAccess='false'" /manifest:embed /manifestinput:"G:\Program Files (x86)\Microsoft Visual Studio 14.0\VC\Include\Manifest\dpiaware.manifest" /Debug /PDB:"G:\VS Projects\GL2015\Release\40103628 - Hanoi.pdb" /SUBSYSTEM:CONSOLE /OPT:REF /OPT:ICF /LTCG:incremental /TLBID:1 /DYNAMICBASE /NXCOMPAT /IMPLIB:"G:\VS Projects\GL2015\Release\40103628 - Hanoi.lib" /MACHINE:X86 /SAFESEH Release\GL2015.res
         Release\display.obj
         Release\main.obj
         Release\mesh.obj
         Release\obj_loader.obj
         Release\shader.obj
         Release\skybox.obj
         Release\stb_image.obj
         Release\texture.obj
         Generating code
         7 of 1653 functions ( 0.4%) were compiled, the rest were copied from previous compilation.
           0 functions were new in current compilation
           1 functions had inline decision re-evaluated but remain unchanged
         Finished generating code
         GL2015.vcxproj -> G:\VS Projects\GL2015\Release\40103628 - Hanoi.exe
     1>Done Building Project "G:\VS Projects\GL2015\GL2015\GL2015.vcxproj" (Build target(s)).

Build succeeded.

Time Elapsed 00:00:04.10
